<?xml version="1.0" encoding="UTF-8"?>
<!-- Generated by org.testng.reporters.JUnitReportReporter -->
<testsuite hostname="DESKTOP-R3O90SV" failures="0" tests="1" name="Jenkins.Jenkins.SauceDemoLoginTest" time="4.555" errors="0" timestamp="2024-03-27T22:27:53 IST" skipped="0">
  <testcase classname="Jenkins.Jenkins.SauceDemoLoginTest" name="validateLogin" time="4.555"/>
</testsuite> <!-- Jenkins.Jenkins.SauceDemoLoginTest -->
