<?xml version="1.0" encoding="UTF-8"?>
<!-- Generated by org.testng.reporters.JUnitReportReporter -->
<testsuite hostname="DESKTOP-R3O90SV" failures="0" tests="1" name="Jenkins.Jenkins.AppTest" time="7.656" errors="0" timestamp="2024-03-27T21:52:07 IST" skipped="0">
  <testcase classname="Jenkins.Jenkins.AppTest" name="validateLoginTC" time="7.656"/>
</testsuite> <!-- Jenkins.Jenkins.AppTest -->
